2023-04-18 18:58:05 INFO  Log:16 - ***********************
2023-04-18 18:58:05 INFO  Log:17 - ***********************
2023-04-18 18:58:05 INFO  Log:18 - **This is the beginning of my Test case**
2023-04-18 18:58:05 INFO  Log:29 - My test case is executing right now
2023-04-18 18:58:05 INFO  Log:33 - My test case might have some trivial issues
2023-04-18 18:58:05 INFO  Log:29 - This test case is about to get completed
2023-04-18 18:58:05 INFO  Log:23 - ######################################
2023-04-18 18:58:05 INFO  Log:24 - ######################################
2023-04-18 18:58:05 INFO  Log:25 - #################This test case is finished#####################
2023-04-18 18:58:11 INFO  Log:16 - ***********************
2023-04-18 18:58:11 INFO  Log:17 - ***********************
2023-04-18 18:58:11 INFO  Log:18 - **This is the beginning of my Test case**
2023-04-18 18:58:11 INFO  Log:29 - My test case is executing right now
2023-04-18 18:58:11 INFO  Log:33 - My test case might have some trivial issues
2023-04-18 18:58:19 INFO  Log:29 - This test case is about to get completed
2023-04-18 18:58:19 INFO  Log:23 - ######################################
2023-04-18 18:58:19 INFO  Log:24 - ######################################
2023-04-18 18:58:19 INFO  Log:25 - #################This test case is finished#####################
2023-04-18 19:13:16 INFO  Log:16 - ***********************
2023-04-18 19:13:16 INFO  Log:17 - ***********************
2023-04-18 19:13:16 INFO  Log:18 - **This is the beginning of my Test case**
2023-04-18 19:13:16 INFO  Log:29 - My test case is executing right now
2023-04-18 19:13:16 INFO  Log:33 - My test case might have some trivial issues
2023-04-18 19:13:24 INFO  Log:29 - This test case is about to get completed
2023-04-18 19:13:24 INFO  Log:23 - ######################################
2023-04-18 19:13:24 INFO  Log:24 - ######################################
2023-04-18 19:13:24 INFO  Log:25 - #################This test case is finished#####################
2023-04-18 22:44:00 INFO  Log:16 - ***********************
2023-04-18 22:44:00 INFO  Log:17 - ***********************
2023-04-18 22:44:00 INFO  Log:18 - **This is the beginning of my Test case**
2023-04-18 22:44:00 INFO  Log:29 - My test case is executing right now
2023-04-18 22:44:00 INFO  Log:33 - My test case might have some trivial issues
2023-04-18 22:44:07 INFO  Log:29 - This test case is about to get completed
2023-04-18 22:44:07 INFO  Log:23 - ######################################
2023-04-18 22:44:07 INFO  Log:24 - ######################################
2023-04-18 22:44:07 INFO  Log:25 - #################This test case is finished#####################
2023-04-18 22:44:53 INFO  Log:16 - ***********************
2023-04-18 22:44:53 INFO  Log:17 - ***********************
2023-04-18 22:44:53 INFO  Log:18 - **This is the beginning of my Test case**
2023-04-18 22:44:53 INFO  Log:29 - My test case is executing right now
2023-04-18 22:44:53 INFO  Log:33 - My test case might have some trivial issues
2023-04-18 22:45:01 INFO  Log:29 - This test case is about to get completed
2023-04-18 22:45:01 INFO  Log:23 - ######################################
2023-04-18 22:45:01 INFO  Log:24 - ######################################
2023-04-18 22:45:01 INFO  Log:25 - #################This test case is finished#####################
2023-04-18 22:45:43 INFO  Log:16 - ***********************
2023-04-18 22:45:43 INFO  Log:17 - ***********************
2023-04-18 22:45:43 INFO  Log:18 - **This is the beginning of my Test case**
2023-04-18 22:45:43 INFO  Log:29 - My test case is executing right now
2023-04-18 22:45:43 INFO  Log:33 - My test case might have some trivial issues
2023-04-18 22:46:01 INFO  Log:29 - This test case is about to get completed
2023-04-18 22:46:01 INFO  Log:23 - ######################################
2023-04-18 22:46:01 INFO  Log:24 - ######################################
2023-04-18 22:46:01 INFO  Log:25 - #################This test case is finished#####################
2023-04-18 22:46:59 INFO  Log:16 - ***********************
2023-04-18 22:46:59 INFO  Log:17 - ***********************
2023-04-18 22:46:59 INFO  Log:18 - **This is the beginning of my Test case**
2023-04-18 22:46:59 INFO  Log:29 - My test case is executing right now
2023-04-18 22:46:59 INFO  Log:33 - My test case might have some trivial issues
2023-04-18 22:47:03 INFO  Log:29 - This test case is about to get completed
2023-04-18 22:47:03 INFO  Log:23 - ######################################
2023-04-18 22:47:03 INFO  Log:24 - ######################################
2023-04-18 22:47:03 INFO  Log:25 - #################This test case is finished#####################
2023-04-18 22:47:07 INFO  Log:16 - ***********************
2023-04-18 22:47:07 INFO  Log:17 - ***********************
2023-04-18 22:47:07 INFO  Log:18 - **This is the beginning of my Test case**
2023-04-18 22:47:07 INFO  Log:29 - My test case is executing right now
2023-04-18 22:47:07 INFO  Log:33 - My test case might have some trivial issues
2023-04-18 22:47:10 INFO  Log:29 - This test case is about to get completed
2023-04-18 22:47:10 INFO  Log:23 - ######################################
2023-04-18 22:47:10 INFO  Log:24 - ######################################
2023-04-18 22:47:10 INFO  Log:25 - #################This test case is finished#####################
2023-04-18 22:47:32 INFO  Log:16 - ***********************
2023-04-18 22:47:32 INFO  Log:17 - ***********************
2023-04-18 22:47:32 INFO  Log:18 - **This is the beginning of my Test case**
2023-04-18 22:47:32 INFO  Log:29 - My test case is executing right now
2023-04-18 22:47:32 INFO  Log:33 - My test case might have some trivial issues
2023-04-18 22:47:35 INFO  Log:29 - This test case is about to get completed
2023-04-18 22:47:35 INFO  Log:23 - ######################################
2023-04-18 22:47:35 INFO  Log:24 - ######################################
2023-04-18 22:47:35 INFO  Log:25 - #################This test case is finished#####################
2023-04-18 22:47:39 INFO  Log:16 - ***********************
2023-04-18 22:47:39 INFO  Log:17 - ***********************
2023-04-18 22:47:39 INFO  Log:18 - **This is the beginning of my Test case**
2023-04-18 22:47:39 INFO  Log:29 - My test case is executing right now
2023-04-18 22:47:39 INFO  Log:33 - My test case might have some trivial issues
2023-04-18 22:47:42 INFO  Log:29 - This test case is about to get completed
2023-04-18 22:47:42 INFO  Log:23 - ######################################
2023-04-18 22:47:42 INFO  Log:24 - ######################################
2023-04-18 22:47:42 INFO  Log:25 - #################This test case is finished#####################
2023-04-18 22:48:15 INFO  Log:16 - ***********************
2023-04-18 22:48:15 INFO  Log:17 - ***********************
2023-04-18 22:48:15 INFO  Log:18 - **This is the beginning of my Test case**
2023-04-18 22:48:15 INFO  Log:29 - My test case is executing right now
2023-04-18 22:48:15 INFO  Log:33 - My test case might have some trivial issues
2023-04-18 22:48:18 INFO  Log:29 - This test case is about to get completed
2023-04-18 22:48:18 INFO  Log:23 - ######################################
2023-04-18 22:48:18 INFO  Log:24 - ######################################
2023-04-18 22:48:18 INFO  Log:25 - #################This test case is finished#####################
2023-04-18 22:48:23 INFO  Log:16 - ***********************
2023-04-18 22:48:23 INFO  Log:17 - ***********************
2023-04-18 22:48:23 INFO  Log:18 - **This is the beginning of my Test case**
2023-04-18 22:48:23 INFO  Log:29 - My test case is executing right now
2023-04-18 22:48:23 INFO  Log:33 - My test case might have some trivial issues
2023-04-18 22:48:26 INFO  Log:29 - This test case is about to get completed
2023-04-18 22:48:26 INFO  Log:23 - ######################################
2023-04-18 22:48:26 INFO  Log:24 - ######################################
2023-04-18 22:48:26 INFO  Log:25 - #################This test case is finished#####################
2023-04-18 22:48:30 INFO  Log:16 - ***********************
2023-04-18 22:48:30 INFO  Log:17 - ***********************
2023-04-18 22:48:30 INFO  Log:18 - **This is the beginning of my Test case**
2023-04-18 22:48:30 INFO  Log:29 - My test case is executing right now
2023-04-18 22:48:30 INFO  Log:33 - My test case might have some trivial issues
2023-04-18 22:48:32 INFO  Log:29 - This test case is about to get completed
2023-04-18 22:48:32 INFO  Log:23 - ######################################
2023-04-18 22:48:32 INFO  Log:24 - ######################################
2023-04-18 22:48:32 INFO  Log:25 - #################This test case is finished#####################
2023-04-18 22:48:53 INFO  Log:16 - ***********************
2023-04-18 22:48:53 INFO  Log:17 - ***********************
2023-04-18 22:48:53 INFO  Log:18 - **This is the beginning of my Test case**
2023-04-18 22:48:53 INFO  Log:29 - My test case is executing right now
2023-04-18 22:48:53 INFO  Log:33 - My test case might have some trivial issues
2023-04-18 22:49:02 INFO  Log:29 - This test case is about to get completed
2023-04-18 22:49:02 INFO  Log:23 - ######################################
2023-04-18 22:49:02 INFO  Log:24 - ######################################
2023-04-18 22:49:02 INFO  Log:25 - #################This test case is finished#####################
2023-04-18 23:04:22 INFO  Log:16 - ***********************
2023-04-18 23:04:22 INFO  Log:17 - ***********************
2023-04-18 23:04:22 INFO  Log:18 - **This is the beginning of my Test case**
2023-04-18 23:04:22 INFO  Log:29 - My test case is executing right now
2023-04-18 23:04:22 INFO  Log:33 - My test case might have some trivial issues
2023-04-18 23:04:30 INFO  Log:29 - This test case is about to get completed
2023-04-18 23:04:30 INFO  Log:23 - ######################################
2023-04-18 23:04:30 INFO  Log:24 - ######################################
2023-04-18 23:04:30 INFO  Log:25 - #################This test case is finished#####################
2023-04-18 23:04:36 INFO  Log:16 - ***********************
2023-04-18 23:04:36 INFO  Log:17 - ***********************
2023-04-18 23:04:36 INFO  Log:18 - **This is the beginning of my Test case**
2023-04-18 23:04:36 INFO  Log:29 - My test case is executing right now
2023-04-18 23:04:36 INFO  Log:33 - My test case might have some trivial issues
2023-04-18 23:04:44 INFO  Log:29 - This test case is about to get completed
2023-04-18 23:04:44 INFO  Log:23 - ######################################
2023-04-18 23:04:44 INFO  Log:24 - ######################################
2023-04-18 23:04:44 INFO  Log:25 - #################This test case is finished#####################
2023-04-18 23:04:50 INFO  Log:16 - ***********************
2023-04-18 23:04:50 INFO  Log:17 - ***********************
2023-04-18 23:04:50 INFO  Log:18 - **This is the beginning of my Test case**
2023-04-18 23:04:50 INFO  Log:29 - My test case is executing right now
2023-04-18 23:04:50 INFO  Log:33 - My test case might have some trivial issues
2023-04-18 23:05:08 INFO  Log:29 - This test case is about to get completed
2023-04-18 23:05:08 INFO  Log:23 - ######################################
2023-04-18 23:05:08 INFO  Log:24 - ######################################
2023-04-18 23:05:08 INFO  Log:25 - #################This test case is finished#####################
2023-04-18 23:05:13 INFO  Log:16 - ***********************
2023-04-18 23:05:13 INFO  Log:17 - ***********************
2023-04-18 23:05:13 INFO  Log:18 - **This is the beginning of my Test case**
2023-04-18 23:05:13 INFO  Log:29 - My test case is executing right now
2023-04-18 23:05:13 INFO  Log:33 - My test case might have some trivial issues
2023-04-18 23:05:18 INFO  Log:29 - This test case is about to get completed
2023-04-18 23:05:18 INFO  Log:23 - ######################################
2023-04-18 23:05:18 INFO  Log:24 - ######################################
2023-04-18 23:05:18 INFO  Log:25 - #################This test case is finished#####################
2023-04-18 23:05:23 INFO  Log:16 - ***********************
2023-04-18 23:05:23 INFO  Log:17 - ***********************
2023-04-18 23:05:23 INFO  Log:18 - **This is the beginning of my Test case**
2023-04-18 23:05:23 INFO  Log:29 - My test case is executing right now
2023-04-18 23:05:23 INFO  Log:33 - My test case might have some trivial issues
2023-04-18 23:05:25 INFO  Log:29 - This test case is about to get completed
2023-04-18 23:05:25 INFO  Log:23 - ######################################
2023-04-18 23:05:25 INFO  Log:24 - ######################################
2023-04-18 23:05:25 INFO  Log:25 - #################This test case is finished#####################
2023-04-18 23:05:29 INFO  Log:16 - ***********************
2023-04-18 23:05:29 INFO  Log:17 - ***********************
2023-04-18 23:05:29 INFO  Log:18 - **This is the beginning of my Test case**
2023-04-18 23:05:29 INFO  Log:29 - My test case is executing right now
2023-04-18 23:05:29 INFO  Log:33 - My test case might have some trivial issues
2023-04-18 23:05:31 INFO  Log:29 - This test case is about to get completed
2023-04-18 23:05:31 INFO  Log:23 - ######################################
2023-04-18 23:05:31 INFO  Log:24 - ######################################
2023-04-18 23:05:31 INFO  Log:25 - #################This test case is finished#####################
2023-04-18 23:05:35 INFO  Log:16 - ***********************
2023-04-18 23:05:35 INFO  Log:17 - ***********************
2023-04-18 23:05:35 INFO  Log:18 - **This is the beginning of my Test case**
2023-04-18 23:05:35 INFO  Log:29 - My test case is executing right now
2023-04-18 23:05:35 INFO  Log:33 - My test case might have some trivial issues
2023-04-18 23:05:37 INFO  Log:29 - This test case is about to get completed
2023-04-18 23:05:37 INFO  Log:23 - ######################################
2023-04-18 23:05:37 INFO  Log:24 - ######################################
2023-04-18 23:05:37 INFO  Log:25 - #################This test case is finished#####################
2023-04-18 23:05:42 INFO  Log:16 - ***********************
2023-04-18 23:05:42 INFO  Log:17 - ***********************
2023-04-18 23:05:42 INFO  Log:18 - **This is the beginning of my Test case**
2023-04-18 23:05:42 INFO  Log:29 - My test case is executing right now
2023-04-18 23:05:42 INFO  Log:33 - My test case might have some trivial issues
2023-04-18 23:05:44 INFO  Log:29 - This test case is about to get completed
2023-04-18 23:05:44 INFO  Log:23 - ######################################
2023-04-18 23:05:44 INFO  Log:24 - ######################################
2023-04-18 23:05:44 INFO  Log:25 - #################This test case is finished#####################
2023-04-18 23:05:48 INFO  Log:16 - ***********************
2023-04-18 23:05:48 INFO  Log:17 - ***********************
2023-04-18 23:05:48 INFO  Log:18 - **This is the beginning of my Test case**
2023-04-18 23:05:48 INFO  Log:29 - My test case is executing right now
2023-04-18 23:05:48 INFO  Log:33 - My test case might have some trivial issues
2023-04-18 23:05:56 INFO  Log:29 - This test case is about to get completed
2023-04-18 23:05:56 INFO  Log:23 - ######################################
2023-04-18 23:05:56 INFO  Log:24 - ######################################
2023-04-18 23:05:56 INFO  Log:25 - #################This test case is finished#####################
2023-04-18 23:09:47 INFO  Log:16 - ***********************
2023-04-18 23:09:47 INFO  Log:17 - ***********************
2023-04-18 23:09:47 INFO  Log:18 - **This is the beginning of my Test case**
2023-04-18 23:09:47 INFO  Log:29 - My test case is executing right now
2023-04-18 23:09:47 INFO  Log:33 - My test case might have some trivial issues
2023-04-18 23:09:56 INFO  Log:29 - This test case is about to get completed
2023-04-18 23:09:56 INFO  Log:23 - ######################################
2023-04-18 23:09:56 INFO  Log:24 - ######################################
2023-04-18 23:09:56 INFO  Log:25 - #################This test case is finished#####################
2023-04-18 23:10:00 INFO  Log:16 - ***********************
2023-04-18 23:10:00 INFO  Log:17 - ***********************
2023-04-18 23:10:00 INFO  Log:18 - **This is the beginning of my Test case**
2023-04-18 23:10:00 INFO  Log:29 - My test case is executing right now
2023-04-18 23:10:00 INFO  Log:33 - My test case might have some trivial issues
2023-04-18 23:10:09 INFO  Log:29 - This test case is about to get completed
2023-04-18 23:10:09 INFO  Log:23 - ######################################
2023-04-18 23:10:09 INFO  Log:24 - ######################################
2023-04-18 23:10:09 INFO  Log:25 - #################This test case is finished#####################
2023-04-18 23:10:13 INFO  Log:16 - ***********************
2023-04-18 23:10:13 INFO  Log:17 - ***********************
2023-04-18 23:10:13 INFO  Log:18 - **This is the beginning of my Test case**
2023-04-18 23:10:13 INFO  Log:29 - My test case is executing right now
2023-04-18 23:10:13 INFO  Log:33 - My test case might have some trivial issues
2023-04-18 23:10:29 INFO  Log:29 - This test case is about to get completed
2023-04-18 23:10:29 INFO  Log:23 - ######################################
2023-04-18 23:10:29 INFO  Log:24 - ######################################
2023-04-18 23:10:29 INFO  Log:25 - #################This test case is finished#####################
2023-04-18 23:10:33 INFO  Log:16 - ***********************
2023-04-18 23:10:33 INFO  Log:17 - ***********************
2023-04-18 23:10:33 INFO  Log:18 - **This is the beginning of my Test case**
2023-04-18 23:10:33 INFO  Log:29 - My test case is executing right now
2023-04-18 23:10:33 INFO  Log:33 - My test case might have some trivial issues
2023-04-18 23:10:37 INFO  Log:29 - This test case is about to get completed
2023-04-18 23:10:37 INFO  Log:23 - ######################################
2023-04-18 23:10:37 INFO  Log:24 - ######################################
2023-04-18 23:10:37 INFO  Log:25 - #################This test case is finished#####################
2023-04-18 23:10:41 INFO  Log:16 - ***********************
2023-04-18 23:10:41 INFO  Log:17 - ***********************
2023-04-18 23:10:41 INFO  Log:18 - **This is the beginning of my Test case**
2023-04-18 23:10:41 INFO  Log:29 - My test case is executing right now
2023-04-18 23:10:41 INFO  Log:33 - My test case might have some trivial issues
2023-04-18 23:10:44 INFO  Log:29 - This test case is about to get completed
2023-04-18 23:10:44 INFO  Log:23 - ######################################
2023-04-18 23:10:44 INFO  Log:24 - ######################################
2023-04-18 23:10:44 INFO  Log:25 - #################This test case is finished#####################
2023-04-18 23:10:48 INFO  Log:16 - ***********************
2023-04-18 23:10:48 INFO  Log:17 - ***********************
2023-04-18 23:10:48 INFO  Log:18 - **This is the beginning of my Test case**
2023-04-18 23:10:48 INFO  Log:29 - My test case is executing right now
2023-04-18 23:10:48 INFO  Log:33 - My test case might have some trivial issues
2023-04-18 23:10:50 INFO  Log:29 - This test case is about to get completed
2023-04-18 23:10:50 INFO  Log:23 - ######################################
2023-04-18 23:10:50 INFO  Log:24 - ######################################
2023-04-18 23:10:50 INFO  Log:25 - #################This test case is finished#####################
2023-04-18 23:10:54 INFO  Log:16 - ***********************
2023-04-18 23:10:54 INFO  Log:17 - ***********************
2023-04-18 23:10:54 INFO  Log:18 - **This is the beginning of my Test case**
2023-04-18 23:10:54 INFO  Log:29 - My test case is executing right now
2023-04-18 23:10:54 INFO  Log:33 - My test case might have some trivial issues
2023-04-18 23:10:57 INFO  Log:29 - This test case is about to get completed
2023-04-18 23:10:57 INFO  Log:23 - ######################################
2023-04-18 23:10:57 INFO  Log:24 - ######################################
2023-04-18 23:10:57 INFO  Log:25 - #################This test case is finished#####################
2023-04-18 23:11:02 INFO  Log:16 - ***********************
2023-04-18 23:11:02 INFO  Log:17 - ***********************
2023-04-18 23:11:02 INFO  Log:18 - **This is the beginning of my Test case**
2023-04-18 23:11:02 INFO  Log:29 - My test case is executing right now
2023-04-18 23:11:02 INFO  Log:33 - My test case might have some trivial issues
2023-04-18 23:11:04 INFO  Log:29 - This test case is about to get completed
2023-04-18 23:11:04 INFO  Log:23 - ######################################
2023-04-18 23:11:04 INFO  Log:24 - ######################################
2023-04-18 23:11:04 INFO  Log:25 - #################This test case is finished#####################
2023-04-18 23:11:07 INFO  Log:16 - ***********************
2023-04-18 23:11:07 INFO  Log:17 - ***********************
2023-04-18 23:11:07 INFO  Log:18 - **This is the beginning of my Test case**
2023-04-18 23:11:07 INFO  Log:29 - My test case is executing right now
2023-04-18 23:11:07 INFO  Log:33 - My test case might have some trivial issues
2023-04-18 23:11:15 INFO  Log:29 - This test case is about to get completed
2023-04-18 23:11:15 INFO  Log:23 - ######################################
2023-04-18 23:11:15 INFO  Log:24 - ######################################
2023-04-18 23:11:15 INFO  Log:25 - #################This test case is finished#####################
2023-04-18 23:12:13 INFO  Log:16 - ***********************
2023-04-18 23:12:13 INFO  Log:17 - ***********************
2023-04-18 23:12:13 INFO  Log:18 - **This is the beginning of my Test case**
2023-04-18 23:12:13 INFO  Log:29 - My test case is executing right now
2023-04-18 23:12:13 INFO  Log:33 - My test case might have some trivial issues
2023-04-18 23:12:22 INFO  Log:29 - This test case is about to get completed
2023-04-18 23:12:22 INFO  Log:23 - ######################################
2023-04-18 23:12:22 INFO  Log:24 - ######################################
2023-04-18 23:12:22 INFO  Log:25 - #################This test case is finished#####################
2023-04-18 23:12:26 INFO  Log:16 - ***********************
2023-04-18 23:12:26 INFO  Log:17 - ***********************
2023-04-18 23:12:26 INFO  Log:18 - **This is the beginning of my Test case**
2023-04-18 23:12:26 INFO  Log:29 - My test case is executing right now
2023-04-18 23:12:26 INFO  Log:33 - My test case might have some trivial issues
2023-04-18 23:12:34 INFO  Log:29 - This test case is about to get completed
2023-04-18 23:12:34 INFO  Log:23 - ######################################
2023-04-18 23:12:34 INFO  Log:24 - ######################################
2023-04-18 23:12:34 INFO  Log:25 - #################This test case is finished#####################
2023-04-18 23:12:38 INFO  Log:16 - ***********************
2023-04-18 23:12:38 INFO  Log:17 - ***********************
2023-04-18 23:12:38 INFO  Log:18 - **This is the beginning of my Test case**
2023-04-18 23:12:38 INFO  Log:29 - My test case is executing right now
2023-04-18 23:12:38 INFO  Log:33 - My test case might have some trivial issues
2023-04-18 23:12:57 INFO  Log:29 - This test case is about to get completed
2023-04-18 23:12:57 INFO  Log:23 - ######################################
2023-04-18 23:12:57 INFO  Log:24 - ######################################
2023-04-18 23:12:57 INFO  Log:25 - #################This test case is finished#####################
2023-04-18 23:13:01 INFO  Log:16 - ***********************
2023-04-18 23:13:01 INFO  Log:17 - ***********************
2023-04-18 23:13:01 INFO  Log:18 - **This is the beginning of my Test case**
2023-04-18 23:13:01 INFO  Log:29 - My test case is executing right now
2023-04-18 23:13:01 INFO  Log:33 - My test case might have some trivial issues
2023-04-18 23:13:03 INFO  Log:29 - This test case is about to get completed
2023-04-18 23:13:03 INFO  Log:23 - ######################################
2023-04-18 23:13:03 INFO  Log:24 - ######################################
2023-04-18 23:13:03 INFO  Log:25 - #################This test case is finished#####################
2023-04-18 23:13:07 INFO  Log:16 - ***********************
2023-04-18 23:13:07 INFO  Log:17 - ***********************
2023-04-18 23:13:07 INFO  Log:18 - **This is the beginning of my Test case**
2023-04-18 23:13:07 INFO  Log:29 - My test case is executing right now
2023-04-18 23:13:07 INFO  Log:33 - My test case might have some trivial issues
2023-04-18 23:13:11 INFO  Log:16 - ***********************
2023-04-18 23:13:11 INFO  Log:17 - ***********************
2023-04-18 23:13:11 INFO  Log:18 - **This is the beginning of my Test case**
2023-04-18 23:13:11 INFO  Log:29 - My test case is executing right now
2023-04-18 23:13:11 INFO  Log:33 - My test case might have some trivial issues
2023-04-18 23:13:16 INFO  Log:29 - This test case is about to get completed
2023-04-18 23:13:16 INFO  Log:23 - ######################################
2023-04-18 23:13:16 INFO  Log:24 - ######################################
2023-04-18 23:13:16 INFO  Log:25 - #################This test case is finished#####################
2023-04-18 23:13:20 INFO  Log:16 - ***********************
2023-04-18 23:13:20 INFO  Log:17 - ***********************
2023-04-18 23:13:20 INFO  Log:18 - **This is the beginning of my Test case**
2023-04-18 23:13:20 INFO  Log:29 - My test case is executing right now
2023-04-18 23:13:20 INFO  Log:33 - My test case might have some trivial issues
2023-04-18 23:13:23 INFO  Log:29 - This test case is about to get completed
2023-04-18 23:13:23 INFO  Log:23 - ######################################
2023-04-18 23:13:23 INFO  Log:24 - ######################################
2023-04-18 23:13:23 INFO  Log:25 - #################This test case is finished#####################
2023-04-18 23:13:27 INFO  Log:16 - ***********************
2023-04-18 23:13:27 INFO  Log:17 - ***********************
2023-04-18 23:13:27 INFO  Log:18 - **This is the beginning of my Test case**
2023-04-18 23:13:27 INFO  Log:29 - My test case is executing right now
2023-04-18 23:13:27 INFO  Log:33 - My test case might have some trivial issues
2023-04-18 23:13:31 INFO  Log:16 - ***********************
2023-04-18 23:13:31 INFO  Log:17 - ***********************
2023-04-18 23:13:31 INFO  Log:18 - **This is the beginning of my Test case**
2023-04-18 23:13:31 INFO  Log:29 - My test case is executing right now
2023-04-18 23:13:31 INFO  Log:33 - My test case might have some trivial issues
2023-04-19 08:36:50 INFO  Log:16 - ***********************
2023-04-19 08:36:50 INFO  Log:17 - ***********************
2023-04-19 08:36:50 INFO  Log:18 - **This is the beginning of my Test case**
2023-04-19 08:36:50 INFO  Log:29 - My test case is executing right now
2023-04-19 08:36:50 INFO  Log:33 - My test case might have some trivial issues
2023-04-19 08:36:58 INFO  Log:29 - This test case is about to get completed
2023-04-19 08:36:58 INFO  Log:23 - ######################################
2023-04-19 08:36:58 INFO  Log:24 - ######################################
2023-04-19 08:36:58 INFO  Log:25 - #################This test case is finished#####################
2023-04-19 08:37:02 INFO  Log:16 - ***********************
2023-04-19 08:37:02 INFO  Log:17 - ***********************
2023-04-19 08:37:02 INFO  Log:18 - **This is the beginning of my Test case**
2023-04-19 08:37:02 INFO  Log:29 - My test case is executing right now
2023-04-19 08:37:02 INFO  Log:33 - My test case might have some trivial issues
2023-04-19 08:37:10 INFO  Log:29 - This test case is about to get completed
2023-04-19 08:37:10 INFO  Log:23 - ######################################
2023-04-19 08:37:10 INFO  Log:24 - ######################################
2023-04-19 08:37:10 INFO  Log:25 - #################This test case is finished#####################
2023-04-19 08:37:14 INFO  Log:16 - ***********************
2023-04-19 08:37:14 INFO  Log:17 - ***********************
2023-04-19 08:37:14 INFO  Log:18 - **This is the beginning of my Test case**
2023-04-19 08:37:14 INFO  Log:29 - My test case is executing right now
2023-04-19 08:37:14 INFO  Log:33 - My test case might have some trivial issues
2023-04-19 08:37:30 INFO  Log:29 - This test case is about to get completed
2023-04-19 08:37:30 INFO  Log:23 - ######################################
2023-04-19 08:37:30 INFO  Log:24 - ######################################
2023-04-19 08:37:30 INFO  Log:25 - #################This test case is finished#####################
2023-04-19 08:37:34 INFO  Log:16 - ***********************
2023-04-19 08:37:34 INFO  Log:17 - ***********************
2023-04-19 08:37:34 INFO  Log:18 - **This is the beginning of my Test case**
2023-04-19 08:37:34 INFO  Log:29 - My test case is executing right now
2023-04-19 08:37:34 INFO  Log:33 - My test case might have some trivial issues
2023-04-19 08:37:37 INFO  Log:29 - This test case is about to get completed
2023-04-19 08:37:37 INFO  Log:23 - ######################################
2023-04-19 08:37:37 INFO  Log:24 - ######################################
2023-04-19 08:37:37 INFO  Log:25 - #################This test case is finished#####################
2023-04-19 08:37:42 INFO  Log:16 - ***********************
2023-04-19 08:37:42 INFO  Log:17 - ***********************
2023-04-19 08:37:42 INFO  Log:18 - **This is the beginning of my Test case**
2023-04-19 08:37:42 INFO  Log:29 - My test case is executing right now
2023-04-19 08:37:42 INFO  Log:33 - My test case might have some trivial issues
2023-04-19 08:37:45 INFO  Log:29 - This test case is about to get completed
2023-04-19 08:37:45 INFO  Log:23 - ######################################
2023-04-19 08:37:45 INFO  Log:24 - ######################################
2023-04-19 08:37:45 INFO  Log:25 - #################This test case is finished#####################
2023-04-19 08:37:48 INFO  Log:16 - ***********************
2023-04-19 08:37:48 INFO  Log:17 - ***********************
2023-04-19 08:37:48 INFO  Log:18 - **This is the beginning of my Test case**
2023-04-19 08:37:48 INFO  Log:29 - My test case is executing right now
2023-04-19 08:37:48 INFO  Log:33 - My test case might have some trivial issues
2023-04-19 08:37:51 INFO  Log:29 - This test case is about to get completed
2023-04-19 08:37:51 INFO  Log:23 - ######################################
2023-04-19 08:37:51 INFO  Log:24 - ######################################
2023-04-19 08:37:51 INFO  Log:25 - #################This test case is finished#####################
2023-04-19 08:37:56 INFO  Log:16 - ***********************
2023-04-19 08:37:56 INFO  Log:17 - ***********************
2023-04-19 08:37:56 INFO  Log:18 - **This is the beginning of my Test case**
2023-04-19 08:37:56 INFO  Log:29 - My test case is executing right now
2023-04-19 08:37:56 INFO  Log:33 - My test case might have some trivial issues
2023-04-19 08:37:59 INFO  Log:29 - This test case is about to get completed
2023-04-19 08:37:59 INFO  Log:23 - ######################################
2023-04-19 08:37:59 INFO  Log:24 - ######################################
2023-04-19 08:37:59 INFO  Log:25 - #################This test case is finished#####################
2023-04-19 08:38:04 INFO  Log:16 - ***********************
2023-04-19 08:38:04 INFO  Log:17 - ***********************
2023-04-19 08:38:04 INFO  Log:18 - **This is the beginning of my Test case**
2023-04-19 08:38:04 INFO  Log:29 - My test case is executing right now
2023-04-19 08:38:04 INFO  Log:33 - My test case might have some trivial issues
2023-04-19 08:38:06 INFO  Log:29 - This test case is about to get completed
2023-04-19 08:38:06 INFO  Log:23 - ######################################
2023-04-19 08:38:06 INFO  Log:24 - ######################################
2023-04-19 08:38:06 INFO  Log:25 - #################This test case is finished#####################
2023-04-19 08:38:11 INFO  Log:16 - ***********************
2023-04-19 08:38:11 INFO  Log:17 - ***********************
2023-04-19 08:38:11 INFO  Log:18 - **This is the beginning of my Test case**
2023-04-19 08:38:11 INFO  Log:29 - My test case is executing right now
2023-04-19 08:38:11 INFO  Log:33 - My test case might have some trivial issues
2023-04-19 08:38:20 INFO  Log:29 - This test case is about to get completed
2023-04-19 08:38:20 INFO  Log:23 - ######################################
2023-04-19 08:38:20 INFO  Log:24 - ######################################
2023-04-19 08:38:20 INFO  Log:25 - #################This test case is finished#####################
2023-04-19 08:50:17 INFO  Log:16 - ***********************
2023-04-19 08:50:17 INFO  Log:17 - ***********************
2023-04-19 08:50:17 INFO  Log:18 - **This is the beginning of my Test case**
2023-04-19 08:50:17 INFO  Log:29 - My test case is executing right now
2023-04-19 08:50:17 INFO  Log:33 - My test case might have some trivial issues
2023-04-19 08:50:25 INFO  Log:29 - This test case is about to get completed
2023-04-19 08:50:25 INFO  Log:23 - ######################################
2023-04-19 08:50:25 INFO  Log:24 - ######################################
2023-04-19 08:50:25 INFO  Log:25 - #################This test case is finished#####################
2023-04-19 08:50:29 INFO  Log:16 - ***********************
2023-04-19 08:50:29 INFO  Log:17 - ***********************
2023-04-19 08:50:29 INFO  Log:18 - **This is the beginning of my Test case**
2023-04-19 08:50:29 INFO  Log:29 - My test case is executing right now
2023-04-19 08:50:29 INFO  Log:33 - My test case might have some trivial issues
2023-04-19 08:50:39 INFO  Log:29 - This test case is about to get completed
2023-04-19 08:50:39 INFO  Log:23 - ######################################
2023-04-19 08:50:39 INFO  Log:24 - ######################################
2023-04-19 08:50:39 INFO  Log:25 - #################This test case is finished#####################
2023-04-19 08:50:43 INFO  Log:16 - ***********************
2023-04-19 08:50:43 INFO  Log:17 - ***********************
2023-04-19 08:50:43 INFO  Log:18 - **This is the beginning of my Test case**
2023-04-19 08:50:43 INFO  Log:29 - My test case is executing right now
2023-04-19 08:50:43 INFO  Log:33 - My test case might have some trivial issues
2023-04-19 08:51:01 INFO  Log:29 - This test case is about to get completed
2023-04-19 08:51:01 INFO  Log:23 - ######################################
2023-04-19 08:51:01 INFO  Log:24 - ######################################
2023-04-19 08:51:01 INFO  Log:25 - #################This test case is finished#####################
2023-04-19 08:51:04 INFO  Log:16 - ***********************
2023-04-19 08:51:04 INFO  Log:17 - ***********************
2023-04-19 08:51:04 INFO  Log:18 - **This is the beginning of my Test case**
2023-04-19 08:51:04 INFO  Log:29 - My test case is executing right now
2023-04-19 08:51:04 INFO  Log:33 - My test case might have some trivial issues
2023-04-19 08:51:07 INFO  Log:29 - This test case is about to get completed
2023-04-19 08:51:07 INFO  Log:23 - ######################################
2023-04-19 08:51:07 INFO  Log:24 - ######################################
2023-04-19 08:51:07 INFO  Log:25 - #################This test case is finished#####################
2023-04-19 08:51:11 INFO  Log:16 - ***********************
2023-04-19 08:51:11 INFO  Log:17 - ***********************
2023-04-19 08:51:11 INFO  Log:18 - **This is the beginning of my Test case**
2023-04-19 08:51:11 INFO  Log:29 - My test case is executing right now
2023-04-19 08:51:11 INFO  Log:33 - My test case might have some trivial issues
2023-04-19 08:51:14 INFO  Log:29 - This test case is about to get completed
2023-04-19 08:51:14 INFO  Log:23 - ######################################
2023-04-19 08:51:14 INFO  Log:24 - ######################################
2023-04-19 08:51:14 INFO  Log:25 - #################This test case is finished#####################
2023-04-19 08:51:18 INFO  Log:16 - ***********************
2023-04-19 08:51:18 INFO  Log:17 - ***********************
2023-04-19 08:51:18 INFO  Log:18 - **This is the beginning of my Test case**
2023-04-19 08:51:18 INFO  Log:29 - My test case is executing right now
2023-04-19 08:51:18 INFO  Log:33 - My test case might have some trivial issues
2023-04-19 08:51:22 INFO  Log:29 - This test case is about to get completed
2023-04-19 08:51:22 INFO  Log:23 - ######################################
2023-04-19 08:51:22 INFO  Log:24 - ######################################
2023-04-19 08:51:22 INFO  Log:25 - #################This test case is finished#####################
2023-04-19 08:51:25 INFO  Log:16 - ***********************
2023-04-19 08:51:25 INFO  Log:17 - ***********************
2023-04-19 08:51:25 INFO  Log:18 - **This is the beginning of my Test case**
2023-04-19 08:51:25 INFO  Log:29 - My test case is executing right now
2023-04-19 08:51:25 INFO  Log:33 - My test case might have some trivial issues
2023-04-19 08:51:29 INFO  Log:29 - This test case is about to get completed
2023-04-19 08:51:29 INFO  Log:23 - ######################################
2023-04-19 08:51:29 INFO  Log:24 - ######################################
2023-04-19 08:51:29 INFO  Log:25 - #################This test case is finished#####################
2023-04-19 08:51:33 INFO  Log:16 - ***********************
2023-04-19 08:51:33 INFO  Log:17 - ***********************
2023-04-19 08:51:33 INFO  Log:18 - **This is the beginning of my Test case**
2023-04-19 08:51:33 INFO  Log:29 - My test case is executing right now
2023-04-19 08:51:33 INFO  Log:33 - My test case might have some trivial issues
2023-04-19 08:51:35 INFO  Log:29 - This test case is about to get completed
2023-04-19 08:51:35 INFO  Log:23 - ######################################
2023-04-19 08:51:35 INFO  Log:24 - ######################################
2023-04-19 08:51:35 INFO  Log:25 - #################This test case is finished#####################
2023-04-19 08:51:39 INFO  Log:16 - ***********************
2023-04-19 08:51:39 INFO  Log:17 - ***********************
2023-04-19 08:51:39 INFO  Log:18 - **This is the beginning of my Test case**
2023-04-19 08:51:39 INFO  Log:29 - My test case is executing right now
2023-04-19 08:51:39 INFO  Log:33 - My test case might have some trivial issues
2023-04-19 08:51:49 INFO  Log:29 - This test case is about to get completed
2023-04-19 08:51:49 INFO  Log:23 - ######################################
2023-04-19 08:51:49 INFO  Log:24 - ######################################
2023-04-19 08:51:49 INFO  Log:25 - #################This test case is finished#####################
2023-04-19 08:53:03 INFO  Log:16 - ***********************
2023-04-19 08:53:03 INFO  Log:17 - ***********************
2023-04-19 08:53:03 INFO  Log:18 - **This is the beginning of my Test case**
2023-04-19 08:53:03 INFO  Log:29 - My test case is executing right now
2023-04-19 08:53:03 INFO  Log:33 - My test case might have some trivial issues
2023-04-19 08:53:11 INFO  Log:29 - This test case is about to get completed
2023-04-19 08:53:11 INFO  Log:23 - ######################################
2023-04-19 08:53:11 INFO  Log:24 - ######################################
2023-04-19 08:53:11 INFO  Log:25 - #################This test case is finished#####################
2023-04-19 08:53:15 INFO  Log:16 - ***********************
2023-04-19 08:53:15 INFO  Log:17 - ***********************
2023-04-19 08:53:15 INFO  Log:18 - **This is the beginning of my Test case**
2023-04-19 08:53:15 INFO  Log:29 - My test case is executing right now
2023-04-19 08:53:15 INFO  Log:33 - My test case might have some trivial issues
2023-04-19 08:53:23 INFO  Log:29 - This test case is about to get completed
2023-04-19 08:53:23 INFO  Log:23 - ######################################
2023-04-19 08:53:23 INFO  Log:24 - ######################################
2023-04-19 08:53:23 INFO  Log:25 - #################This test case is finished#####################
2023-04-19 08:53:27 INFO  Log:16 - ***********************
2023-04-19 08:53:27 INFO  Log:17 - ***********************
2023-04-19 08:53:27 INFO  Log:18 - **This is the beginning of my Test case**
2023-04-19 08:53:27 INFO  Log:29 - My test case is executing right now
2023-04-19 08:53:27 INFO  Log:33 - My test case might have some trivial issues
2023-04-19 08:53:42 INFO  Log:29 - This test case is about to get completed
2023-04-19 08:53:42 INFO  Log:23 - ######################################
2023-04-19 08:53:42 INFO  Log:24 - ######################################
2023-04-19 08:53:42 INFO  Log:25 - #################This test case is finished#####################
2023-04-19 08:53:45 INFO  Log:16 - ***********************
2023-04-19 08:53:45 INFO  Log:17 - ***********************
2023-04-19 08:53:45 INFO  Log:18 - **This is the beginning of my Test case**
2023-04-19 08:53:45 INFO  Log:29 - My test case is executing right now
2023-04-19 08:53:45 INFO  Log:33 - My test case might have some trivial issues
2023-04-19 08:53:47 INFO  Log:29 - This test case is about to get completed
2023-04-19 08:53:47 INFO  Log:23 - ######################################
2023-04-19 08:53:47 INFO  Log:24 - ######################################
2023-04-19 08:53:47 INFO  Log:25 - #################This test case is finished#####################
2023-04-19 08:53:51 INFO  Log:16 - ***********************
2023-04-19 08:53:51 INFO  Log:17 - ***********************
2023-04-19 08:53:51 INFO  Log:18 - **This is the beginning of my Test case**
2023-04-19 08:53:51 INFO  Log:29 - My test case is executing right now
2023-04-19 08:53:51 INFO  Log:33 - My test case might have some trivial issues
2023-04-19 08:53:53 INFO  Log:29 - This test case is about to get completed
2023-04-19 08:53:53 INFO  Log:23 - ######################################
2023-04-19 08:53:53 INFO  Log:24 - ######################################
2023-04-19 08:53:53 INFO  Log:25 - #################This test case is finished#####################
2023-04-19 08:53:57 INFO  Log:16 - ***********************
2023-04-19 08:53:57 INFO  Log:17 - ***********************
2023-04-19 08:53:57 INFO  Log:18 - **This is the beginning of my Test case**
2023-04-19 08:53:57 INFO  Log:29 - My test case is executing right now
2023-04-19 08:53:57 INFO  Log:33 - My test case might have some trivial issues
2023-04-19 08:53:59 INFO  Log:29 - This test case is about to get completed
2023-04-19 08:53:59 INFO  Log:23 - ######################################
2023-04-19 08:53:59 INFO  Log:24 - ######################################
2023-04-19 08:53:59 INFO  Log:25 - #################This test case is finished#####################
2023-04-19 08:54:03 INFO  Log:16 - ***********************
2023-04-19 08:54:03 INFO  Log:17 - ***********************
2023-04-19 08:54:03 INFO  Log:18 - **This is the beginning of my Test case**
2023-04-19 08:54:03 INFO  Log:29 - My test case is executing right now
2023-04-19 08:54:03 INFO  Log:33 - My test case might have some trivial issues
2023-04-19 08:54:05 INFO  Log:29 - This test case is about to get completed
2023-04-19 08:54:05 INFO  Log:23 - ######################################
2023-04-19 08:54:05 INFO  Log:24 - ######################################
2023-04-19 08:54:05 INFO  Log:25 - #################This test case is finished#####################
2023-04-19 08:54:09 INFO  Log:16 - ***********************
2023-04-19 08:54:09 INFO  Log:17 - ***********************
2023-04-19 08:54:09 INFO  Log:18 - **This is the beginning of my Test case**
2023-04-19 08:54:09 INFO  Log:29 - My test case is executing right now
2023-04-19 08:54:09 INFO  Log:33 - My test case might have some trivial issues
2023-04-19 08:54:10 INFO  Log:29 - This test case is about to get completed
2023-04-19 08:54:10 INFO  Log:23 - ######################################
2023-04-19 08:54:10 INFO  Log:24 - ######################################
2023-04-19 08:54:10 INFO  Log:25 - #################This test case is finished#####################
2023-04-19 08:54:14 INFO  Log:16 - ***********************
2023-04-19 08:54:14 INFO  Log:17 - ***********************
2023-04-19 08:54:14 INFO  Log:18 - **This is the beginning of my Test case**
2023-04-19 08:54:14 INFO  Log:29 - My test case is executing right now
2023-04-19 08:54:14 INFO  Log:33 - My test case might have some trivial issues
2023-04-19 08:54:22 INFO  Log:29 - This test case is about to get completed
2023-04-19 08:54:22 INFO  Log:23 - ######################################
2023-04-19 08:54:22 INFO  Log:24 - ######################################
2023-04-19 08:54:22 INFO  Log:25 - #################This test case is finished#####################
